<?xml version="1.0" encoding="UTF-8"?>
<testng-results skipped="0" failed="0" total="1" passed="1">
  <reporter-output>
  </reporter-output>
  <suite name="Default suite" duration-ms="18635" started-at="2014-09-08T05:57:03Z" finished-at="2014-09-08T05:57:21Z">
    <groups>
    </groups>
    <test name="Default test" duration-ms="18635" started-at="2014-09-08T05:57:03Z" finished-at="2014-09-08T05:57:21Z">
      <class name="TEST.test1">
        <test-method status="PASS" signature="beforeMethod()[pri:0, instance:TEST.test1@844689]" name="beforeMethod" is-config="true" duration-ms="18603" started-at="2014-09-08T11:27:03Z" finished-at="2014-09-08T11:27:21Z">
          <reporter-output>
          </reporter-output>
        </test-method> <!-- beforeMethod -->
        <test-method status="PASS" signature="f()[pri:0, instance:TEST.test1@844689]" name="f" duration-ms="14" started-at="2014-09-08T11:27:21Z" finished-at="2014-09-08T11:27:21Z">
          <reporter-output>
          </reporter-output>
        </test-method> <!-- f -->
      </class> <!-- TEST.test1 -->
    </test> <!-- Default test -->
  </suite> <!-- Default suite -->
</testng-results>
